<?xml version="1.0" encoding="UTF-8"?>
<testng-results skipped="0" failed="0" ignored="0" retried="1" total="16" passed="15">
  <reporter-output>
  </reporter-output>
  <suite name="Suite" duration-ms="121882" started-at="2023-04-21T16:41:34 GST" finished-at="2023-04-21T16:43:36 GST">
    <groups>
      <group name="Sanity">
        <method signature="ManageExpenseTest.verify_Cofirmation_Alertbox_Cancel_Click()[pri:0, instance:com.obsqura.testScripts.ManageExpenseTest@13c10b87]" name="verify_Cofirmation_Alertbox_Cancel_Click" class="com.obsqura.testScripts.ManageExpenseTest"/>
        <method signature="ManageProductTest.verify_weightUnitDropdownisWorking()[pri:0, instance:com.obsqura.testScripts.ManageProductTest@15761df8]" name="verify_weightUnitDropdownisWorking" class="com.obsqura.testScripts.ManageProductTest"/>
      </group> <!-- Sanity -->
      <group name="Regression">
        <method signature="ManageExpenseTest.verify_Cofirmation_AlertboxText_when_DeleteButton_Clicked()[pri:0, instance:com.obsqura.testScripts.ManageExpenseTest@13c10b87]" name="verify_Cofirmation_AlertboxText_when_DeleteButton_Clicked" class="com.obsqura.testScripts.ManageExpenseTest"/>
        <method signature="ManageProductTest.verify_nonVegRadioButtonIsSelectable()[pri:0, instance:com.obsqura.testScripts.ManageProductTest@15761df8]" name="verify_nonVegRadioButtonIsSelectable" class="com.obsqura.testScripts.ManageProductTest"/>
        <method signature="ManageProductTest.verify_weightUnitDropdownisWorking()[pri:0, instance:com.obsqura.testScripts.ManageProductTest@15761df8]" name="verify_weightUnitDropdownisWorking" class="com.obsqura.testScripts.ManageProductTest"/>
      </group> <!-- Regression -->
    </groups>
    <test name="Test" duration-ms="121882" started-at="2023-04-21T16:41:34 GST" finished-at="2023-04-21T16:43:36 GST">
      <class name="com.obsqura.testScripts.ManageOfferCodeTest">
        <test-method status="PASS" signature="toInitializeBrowser(java.lang.String)[pri:0, instance:com.obsqura.testScripts.ManageOfferCodeTest@6a01e23]" name="toInitializeBrowser" is-config="true" duration-ms="4756" started-at="2023-04-21T16:43:28 GST" finished-at="2023-04-21T16:43:33 GST">
          <params>
            <param index="0">
              <value>
                <![CDATA[Chrome]]>
              </value>
            </param>
          </params>
          <reporter-output>
          </reporter-output>
        </test-method> <!-- toInitializeBrowser -->
        <test-method status="PASS" signature="verify_seraching_With_Offercode_Shows_Corressponding_Details(java.lang.String)[pri:0, instance:com.obsqura.testScripts.ManageOfferCodeTest@6a01e23]" name="verify_seraching_With_Offercode_Shows_Corressponding_Details" duration-ms="2188" started-at="2023-04-21T16:43:33 GST" finished-at="2023-04-21T16:43:35 GST">
          <params>
            <param index="0">
              <value>
                <![CDATA[trynew20]]>
              </value>
            </param>
          </params>
          <reporter-output>
          </reporter-output>
        </test-method> <!-- verify_seraching_With_Offercode_Shows_Corressponding_Details -->
        <test-method status="PASS" signature="browserQuit(org.testng.ITestResult)[pri:0, instance:com.obsqura.testScripts.ManageOfferCodeTest@6a01e23]" name="browserQuit" is-config="true" duration-ms="724" started-at="2023-04-21T16:43:35 GST" finished-at="2023-04-21T16:43:36 GST">
          <params>
            <param index="0">
              <value>
                <![CDATA[[TestResult name=verify_seraching_With_Offercode_Shows_Corressponding_Details status=SUCCESS method=ManageOfferCodeTest.verify_seraching_With_Offercode_Shows_Corressponding_Details(java.lang.String)[pri:0, instance:com.obsqura.testScripts.ManageOfferCodeTest@6a01e23] output={null}]]]>
              </value>
            </param>
          </params>
          <reporter-output>
          </reporter-output>
        </test-method> <!-- browserQuit -->
      </class> <!-- com.obsqura.testScripts.ManageOfferCodeTest -->
      <class name="com.obsqura.testScripts.ManageExpenseTest">
        <test-method status="PASS" signature="toInitializeBrowser(java.lang.String)[pri:0, instance:com.obsqura.testScripts.ManageExpenseTest@13c10b87]" name="toInitializeBrowser" is-config="true" duration-ms="4821" started-at="2023-04-21T16:43:14 GST" finished-at="2023-04-21T16:43:19 GST">
          <params>
            <param index="0">
              <value>
                <![CDATA[Chrome]]>
              </value>
            </param>
          </params>
          <reporter-output>
          </reporter-output>
        </test-method> <!-- toInitializeBrowser -->
        <test-method status="PASS" signature="verify_Cofirmation_AlertboxText_when_DeleteButton_Clicked()[pri:0, instance:com.obsqura.testScripts.ManageExpenseTest@13c10b87]" name="verify_Cofirmation_AlertboxText_when_DeleteButton_Clicked" duration-ms="1641" started-at="2023-04-21T16:43:19 GST" finished-at="2023-04-21T16:43:21 GST">
          <reporter-output>
          </reporter-output>
        </test-method> <!-- verify_Cofirmation_AlertboxText_when_DeleteButton_Clicked -->
        <test-method status="PASS" signature="browserQuit(org.testng.ITestResult)[pri:0, instance:com.obsqura.testScripts.ManageExpenseTest@13c10b87]" name="browserQuit" is-config="true" duration-ms="682" started-at="2023-04-21T16:43:21 GST" finished-at="2023-04-21T16:43:21 GST">
          <params>
            <param index="0">
              <value>
                <![CDATA[[TestResult name=verify_Cofirmation_AlertboxText_when_DeleteButton_Clicked status=SUCCESS method=ManageExpenseTest.verify_Cofirmation_AlertboxText_when_DeleteButton_Clicked()[pri:0, instance:com.obsqura.testScripts.ManageExpenseTest@13c10b87] output={null}]]]>
              </value>
            </param>
          </params>
          <reporter-output>
          </reporter-output>
        </test-method> <!-- browserQuit -->
        <test-method status="PASS" signature="toInitializeBrowser(java.lang.String)[pri:0, instance:com.obsqura.testScripts.ManageExpenseTest@13c10b87]" name="toInitializeBrowser" is-config="true" duration-ms="4367" started-at="2023-04-21T16:43:21 GST" finished-at="2023-04-21T16:43:26 GST">
          <params>
            <param index="0">
              <value>
                <![CDATA[Chrome]]>
              </value>
            </param>
          </params>
          <reporter-output>
          </reporter-output>
        </test-method> <!-- toInitializeBrowser -->
        <test-method status="PASS" signature="verify_Cofirmation_Alertbox_Cancel_Click()[pri:0, instance:com.obsqura.testScripts.ManageExpenseTest@13c10b87]" name="verify_Cofirmation_Alertbox_Cancel_Click" duration-ms="1590" started-at="2023-04-21T16:43:26 GST" finished-at="2023-04-21T16:43:27 GST">
          <reporter-output>
          </reporter-output>
        </test-method> <!-- verify_Cofirmation_Alertbox_Cancel_Click -->
        <test-method status="PASS" signature="browserQuit(org.testng.ITestResult)[pri:0, instance:com.obsqura.testScripts.ManageExpenseTest@13c10b87]" name="browserQuit" is-config="true" duration-ms="764" started-at="2023-04-21T16:43:27 GST" finished-at="2023-04-21T16:43:28 GST">
          <params>
            <param index="0">
              <value>
                <![CDATA[[TestResult name=verify_Cofirmation_Alertbox_Cancel_Click status=SUCCESS method=ManageExpenseTest.verify_Cofirmation_Alertbox_Cancel_Click()[pri:0, instance:com.obsqura.testScripts.ManageExpenseTest@13c10b87] output={null}]]]>
              </value>
            </param>
          </params>
          <reporter-output>
          </reporter-output>
        </test-method> <!-- browserQuit -->
      </class> <!-- com.obsqura.testScripts.ManageExpenseTest -->
      <class name="com.obsqura.testScripts.ManageSliderTest">
        <test-method status="PASS" signature="toInitializeBrowser(java.lang.String)[pri:0, instance:com.obsqura.testScripts.ManageSliderTest@22635ba0]" name="toInitializeBrowser" is-config="true" duration-ms="4177" started-at="2023-04-21T16:42:59 GST" finished-at="2023-04-21T16:43:03 GST">
          <params>
            <param index="0">
              <value>
                <![CDATA[Chrome]]>
              </value>
            </param>
          </params>
          <reporter-output>
          </reporter-output>
        </test-method> <!-- toInitializeBrowser -->
        <test-method status="PASS" signature="verify_StatusChanged_Successfully_in_The_Table()[pri:0, instance:com.obsqura.testScripts.ManageSliderTest@22635ba0]" name="verify_StatusChanged_Successfully_in_The_Table" duration-ms="2846" started-at="2023-04-21T16:43:03 GST" finished-at="2023-04-21T16:43:06 GST">
          <reporter-output>
          </reporter-output>
        </test-method> <!-- verify_StatusChanged_Successfully_in_The_Table -->
        <test-method status="PASS" signature="browserQuit(org.testng.ITestResult)[pri:0, instance:com.obsqura.testScripts.ManageSliderTest@22635ba0]" name="browserQuit" is-config="true" duration-ms="694" started-at="2023-04-21T16:43:06 GST" finished-at="2023-04-21T16:43:07 GST">
          <params>
            <param index="0">
              <value>
                <![CDATA[[TestResult name=verify_StatusChanged_Successfully_in_The_Table status=SUCCESS method=ManageSliderTest.verify_StatusChanged_Successfully_in_The_Table()[pri:0, instance:com.obsqura.testScripts.ManageSliderTest@22635ba0] output={null}]]]>
              </value>
            </param>
          </params>
          <reporter-output>
          </reporter-output>
        </test-method> <!-- browserQuit -->
        <test-method status="PASS" signature="toInitializeBrowser(java.lang.String)[pri:0, instance:com.obsqura.testScripts.ManageSliderTest@22635ba0]" name="toInitializeBrowser" is-config="true" duration-ms="4959" started-at="2023-04-21T16:43:07 GST" finished-at="2023-04-21T16:43:12 GST">
          <params>
            <param index="0">
              <value>
                <![CDATA[Chrome]]>
              </value>
            </param>
          </params>
          <reporter-output>
          </reporter-output>
        </test-method> <!-- toInitializeBrowser -->
        <test-method status="PASS" signature="verify_manageSliderLink_navigatedto_ListSliderPage()[pri:0, instance:com.obsqura.testScripts.ManageSliderTest@22635ba0]" name="verify_manageSliderLink_navigatedto_ListSliderPage" duration-ms="1755" started-at="2023-04-21T16:43:12 GST" finished-at="2023-04-21T16:43:14 GST">
          <reporter-output>
          </reporter-output>
        </test-method> <!-- verify_manageSliderLink_navigatedto_ListSliderPage -->
        <test-method status="PASS" signature="browserQuit(org.testng.ITestResult)[pri:0, instance:com.obsqura.testScripts.ManageSliderTest@22635ba0]" name="browserQuit" is-config="true" duration-ms="683" started-at="2023-04-21T16:43:14 GST" finished-at="2023-04-21T16:43:14 GST">
          <params>
            <param index="0">
              <value>
                <![CDATA[[TestResult name=verify_manageSliderLink_navigatedto_ListSliderPage status=SUCCESS method=ManageSliderTest.verify_manageSliderLink_navigatedto_ListSliderPage()[pri:0, instance:com.obsqura.testScripts.ManageSliderTest@22635ba0] output={null}]]]>
              </value>
            </param>
          </params>
          <reporter-output>
          </reporter-output>
        </test-method> <!-- browserQuit -->
      </class> <!-- com.obsqura.testScripts.ManageSliderTest -->
      <class name="com.obsqura.testScripts.ManageProductTest">
        <test-method status="PASS" signature="toInitializeBrowser(java.lang.String)[pri:0, instance:com.obsqura.testScripts.ManageProductTest@15761df8]" name="toInitializeBrowser" is-config="true" duration-ms="9194" started-at="2023-04-21T16:41:34 GST" finished-at="2023-04-21T16:41:43 GST">
          <params>
            <param index="0">
              <value>
                <![CDATA[Chrome]]>
              </value>
            </param>
          </params>
          <reporter-output>
          </reporter-output>
        </test-method> <!-- toInitializeBrowser -->
        <test-method status="PASS" signature="verify_nonVegRadioButtonIsSelectable()[pri:0, instance:com.obsqura.testScripts.ManageProductTest@15761df8]" name="verify_nonVegRadioButtonIsSelectable" duration-ms="5930" started-at="2023-04-21T16:41:43 GST" finished-at="2023-04-21T16:41:49 GST">
          <reporter-output>
          </reporter-output>
        </test-method> <!-- verify_nonVegRadioButtonIsSelectable -->
        <test-method status="PASS" signature="browserQuit(org.testng.ITestResult)[pri:0, instance:com.obsqura.testScripts.ManageProductTest@15761df8]" name="browserQuit" is-config="true" duration-ms="757" started-at="2023-04-21T16:41:49 GST" finished-at="2023-04-21T16:41:50 GST">
          <params>
            <param index="0">
              <value>
                <![CDATA[[TestResult name=verify_nonVegRadioButtonIsSelectable status=SUCCESS method=ManageProductTest.verify_nonVegRadioButtonIsSelectable()[pri:0, instance:com.obsqura.testScripts.ManageProductTest@15761df8] output={null}]]]>
              </value>
            </param>
          </params>
          <reporter-output>
          </reporter-output>
        </test-method> <!-- browserQuit -->
        <test-method status="PASS" signature="toInitializeBrowser(java.lang.String)[pri:0, instance:com.obsqura.testScripts.ManageProductTest@15761df8]" name="toInitializeBrowser" is-config="true" duration-ms="4650" started-at="2023-04-21T16:41:50 GST" finished-at="2023-04-21T16:41:55 GST">
          <params>
            <param index="0">
              <value>
                <![CDATA[Chrome]]>
              </value>
            </param>
          </params>
          <reporter-output>
          </reporter-output>
        </test-method> <!-- toInitializeBrowser -->
        <test-method status="PASS" signature="verify_weightUnitDropdownisWorking()[pri:0, instance:com.obsqura.testScripts.ManageProductTest@15761df8]" name="verify_weightUnitDropdownisWorking" duration-ms="2658" started-at="2023-04-21T16:41:55 GST" finished-at="2023-04-21T16:41:57 GST">
          <reporter-output>
          </reporter-output>
        </test-method> <!-- verify_weightUnitDropdownisWorking -->
        <test-method status="PASS" signature="browserQuit(org.testng.ITestResult)[pri:0, instance:com.obsqura.testScripts.ManageProductTest@15761df8]" name="browserQuit" is-config="true" duration-ms="713" started-at="2023-04-21T16:41:57 GST" finished-at="2023-04-21T16:41:58 GST">
          <params>
            <param index="0">
              <value>
                <![CDATA[[TestResult name=verify_weightUnitDropdownisWorking status=SUCCESS method=ManageProductTest.verify_weightUnitDropdownisWorking()[pri:0, instance:com.obsqura.testScripts.ManageProductTest@15761df8] output={null}]]]>
              </value>
            </param>
          </params>
          <reporter-output>
          </reporter-output>
        </test-method> <!-- browserQuit -->
      </class> <!-- com.obsqura.testScripts.ManageProductTest -->
      <class name="com.obsqura.testScripts.AdminUsersTest">
        <test-method status="PASS" signature="toInitializeBrowser(java.lang.String)[pri:0, instance:com.obsqura.testScripts.AdminUsersTest@402e37bc]" name="toInitializeBrowser" is-config="true" duration-ms="4530" started-at="2023-04-21T16:41:58 GST" finished-at="2023-04-21T16:42:02 GST">
          <params>
            <param index="0">
              <value>
                <![CDATA[Chrome]]>
              </value>
            </param>
          </params>
          <reporter-output>
          </reporter-output>
        </test-method> <!-- toInitializeBrowser -->
        <test-method status="PASS" signature="verify_New_AdminUser_Details_Added_In_The_Table_When_SaveButton_Clicked()[pri:0, instance:com.obsqura.testScripts.AdminUsersTest@402e37bc]" name="verify_New_AdminUser_Details_Added_In_The_Table_When_SaveButton_Clicked" duration-ms="3097" started-at="2023-04-21T16:42:02 GST" finished-at="2023-04-21T16:42:06 GST">
          <reporter-output>
          </reporter-output>
        </test-method> <!-- verify_New_AdminUser_Details_Added_In_The_Table_When_SaveButton_Clicked -->
        <test-method status="PASS" signature="browserQuit(org.testng.ITestResult)[pri:0, instance:com.obsqura.testScripts.AdminUsersTest@402e37bc]" name="browserQuit" is-config="true" duration-ms="688" started-at="2023-04-21T16:42:06 GST" finished-at="2023-04-21T16:42:06 GST">
          <params>
            <param index="0">
              <value>
                <![CDATA[[TestResult name=verify_New_AdminUser_Details_Added_In_The_Table_When_SaveButton_Clicked status=SUCCESS method=AdminUsersTest.verify_New_AdminUser_Details_Added_In_The_Table_When_SaveButton_Clicked()[pri:0, instance:com.obsqura.testScripts.AdminUsersTest@402e37bc] output={null}]]]>
              </value>
            </param>
          </params>
          <reporter-output>
          </reporter-output>
        </test-method> <!-- browserQuit -->
        <test-method status="PASS" signature="toInitializeBrowser(java.lang.String)[pri:0, instance:com.obsqura.testScripts.AdminUsersTest@402e37bc]" name="toInitializeBrowser" is-config="true" duration-ms="4177" started-at="2023-04-21T16:42:06 GST" finished-at="2023-04-21T16:42:10 GST">
          <params>
            <param index="0">
              <value>
                <![CDATA[Chrome]]>
              </value>
            </param>
          </params>
          <reporter-output>
          </reporter-output>
        </test-method> <!-- toInitializeBrowser -->
        <test-method status="PASS" signature="verify_resetButtonBackgroundColor()[pri:0, instance:com.obsqura.testScripts.AdminUsersTest@402e37bc]" name="verify_resetButtonBackgroundColor" duration-ms="1589" started-at="2023-04-21T16:42:10 GST" finished-at="2023-04-21T16:42:12 GST">
          <reporter-output>
          </reporter-output>
        </test-method> <!-- verify_resetButtonBackgroundColor -->
        <test-method status="PASS" signature="browserQuit(org.testng.ITestResult)[pri:0, instance:com.obsqura.testScripts.AdminUsersTest@402e37bc]" name="browserQuit" is-config="true" duration-ms="680" started-at="2023-04-21T16:42:12 GST" finished-at="2023-04-21T16:42:13 GST">
          <params>
            <param index="0">
              <value>
                <![CDATA[[TestResult name=verify_resetButtonBackgroundColor status=SUCCESS method=AdminUsersTest.verify_resetButtonBackgroundColor()[pri:0, instance:com.obsqura.testScripts.AdminUsersTest@402e37bc] output={null}]]]>
              </value>
            </param>
          </params>
          <reporter-output>
          </reporter-output>
        </test-method> <!-- browserQuit -->
      </class> <!-- com.obsqura.testScripts.AdminUsersTest -->
      <class name="com.obsqura.testScripts.LoginTest">
        <test-method status="PASS" signature="toInitializeBrowser(java.lang.String)[pri:0, instance:com.obsqura.testScripts.LoginTest@79ad8b2f]" name="toInitializeBrowser" is-config="true" duration-ms="4288" started-at="2023-04-21T16:42:13 GST" finished-at="2023-04-21T16:42:17 GST">
          <params>
            <param index="0">
              <value>
                <![CDATA[Chrome]]>
              </value>
            </param>
          </params>
          <reporter-output>
          </reporter-output>
        </test-method> <!-- toInitializeBrowser -->
        <test-method status="PASS" signature="verify_RememberMe_CheckBox_Is_Selected()[pri:0, instance:com.obsqura.testScripts.LoginTest@79ad8b2f]" name="verify_RememberMe_CheckBox_Is_Selected" duration-ms="40" started-at="2023-04-21T16:42:17 GST" finished-at="2023-04-21T16:42:17 GST">
          <reporter-output>
          </reporter-output>
        </test-method> <!-- verify_RememberMe_CheckBox_Is_Selected -->
        <test-method status="PASS" signature="browserQuit(org.testng.ITestResult)[pri:0, instance:com.obsqura.testScripts.LoginTest@79ad8b2f]" name="browserQuit" is-config="true" duration-ms="668" started-at="2023-04-21T16:42:17 GST" finished-at="2023-04-21T16:42:18 GST">
          <params>
            <param index="0">
              <value>
                <![CDATA[[TestResult name=verify_RememberMe_CheckBox_Is_Selected status=SUCCESS method=LoginTest.verify_RememberMe_CheckBox_Is_Selected()[pri:0, instance:com.obsqura.testScripts.LoginTest@79ad8b2f] output={null}]]]>
              </value>
            </param>
          </params>
          <reporter-output>
          </reporter-output>
        </test-method> <!-- browserQuit -->
        <test-method status="PASS" signature="toInitializeBrowser(java.lang.String)[pri:0, instance:com.obsqura.testScripts.LoginTest@79ad8b2f]" name="toInitializeBrowser" is-config="true" duration-ms="4132" started-at="2023-04-21T16:42:18 GST" finished-at="2023-04-21T16:42:22 GST">
          <params>
            <param index="0">
              <value>
                <![CDATA[Chrome]]>
              </value>
            </param>
          </params>
          <reporter-output>
          </reporter-output>
        </test-method> <!-- toInitializeBrowser -->
        <test-method status="PASS" signature="verify_SignIn_Button_Text_Alignment_Is_Center()[pri:0, instance:com.obsqura.testScripts.LoginTest@79ad8b2f]" name="verify_SignIn_Button_Text_Alignment_Is_Center" duration-ms="157" started-at="2023-04-21T16:42:22 GST" finished-at="2023-04-21T16:42:22 GST">
          <reporter-output>
          </reporter-output>
        </test-method> <!-- verify_SignIn_Button_Text_Alignment_Is_Center -->
        <test-method status="PASS" signature="browserQuit(org.testng.ITestResult)[pri:0, instance:com.obsqura.testScripts.LoginTest@79ad8b2f]" name="browserQuit" is-config="true" duration-ms="729" started-at="2023-04-21T16:42:22 GST" finished-at="2023-04-21T16:42:23 GST">
          <params>
            <param index="0">
              <value>
                <![CDATA[[TestResult name=verify_SignIn_Button_Text_Alignment_Is_Center status=SUCCESS method=LoginTest.verify_SignIn_Button_Text_Alignment_Is_Center()[pri:0, instance:com.obsqura.testScripts.LoginTest@79ad8b2f] output={null}]]]>
              </value>
            </param>
          </params>
          <reporter-output>
          </reporter-output>
        </test-method> <!-- browserQuit -->
        <test-method status="PASS" signature="toInitializeBrowser(java.lang.String)[pri:0, instance:com.obsqura.testScripts.LoginTest@79ad8b2f]" name="toInitializeBrowser" is-config="true" duration-ms="3583" started-at="2023-04-21T16:42:23 GST" finished-at="2023-04-21T16:42:26 GST">
          <params>
            <param index="0">
              <value>
                <![CDATA[Chrome]]>
              </value>
            </param>
          </params>
          <reporter-output>
          </reporter-output>
        </test-method> <!-- toInitializeBrowser -->
        <test-method status="PASS" signature="verify_login_with_Credentials(java.lang.String,java.lang.String)[pri:0, instance:com.obsqura.testScripts.LoginTest@79ad8b2f]" name="verify_login_with_Credentials" duration-ms="1142" started-at="2023-04-21T16:42:26 GST" data-provider="LoginProvider" finished-at="2023-04-21T16:42:27 GST">
          <params>
            <param index="0">
              <value>
                <![CDATA[admin]]>
              </value>
            </param>
            <param index="1">
              <value>
                <![CDATA[admin]]>
              </value>
            </param>
          </params>
          <reporter-output>
          </reporter-output>
        </test-method> <!-- verify_login_with_Credentials -->
        <test-method status="PASS" signature="browserQuit(org.testng.ITestResult)[pri:0, instance:com.obsqura.testScripts.LoginTest@79ad8b2f]" name="browserQuit" is-config="true" duration-ms="850" started-at="2023-04-21T16:42:27 GST" finished-at="2023-04-21T16:42:28 GST">
          <params>
            <param index="0">
              <value>
                <![CDATA[[TestResult name=verify_login_with_Credentials status=SUCCESS method=LoginTest.verify_login_with_Credentials(java.lang.String,java.lang.String)[pri:0, instance:com.obsqura.testScripts.LoginTest@79ad8b2f] output={null}]]]>
              </value>
            </param>
          </params>
          <reporter-output>
          </reporter-output>
        </test-method> <!-- browserQuit -->
      </class> <!-- com.obsqura.testScripts.LoginTest -->
      <class name="com.obsqura.testScripts.ManagepageTest">
        <test-method status="PASS" signature="toInitializeBrowser(java.lang.String)[pri:0, instance:com.obsqura.testScripts.ManagepageTest@1df82230]" name="toInitializeBrowser" is-config="true" duration-ms="4621" started-at="2023-04-21T16:42:28 GST" finished-at="2023-04-21T16:42:33 GST">
          <params>
            <param index="0">
              <value>
                <![CDATA[Chrome]]>
              </value>
            </param>
          </params>
          <reporter-output>
          </reporter-output>
        </test-method> <!-- toInitializeBrowser -->
        <test-method status="SKIP" signature="verify_newButton_allowstoAddPageswith_new_page_and_title()[pri:1, instance:com.obsqura.testScripts.ManagepageTest@1df82230]" name="verify_newButton_allowstoAddPageswith_new_page_and_title" duration-ms="3559" retried="true" started-at="2023-04-21T16:42:33 GST" finished-at="2023-04-21T16:42:36 GST">
          <exception class="java.lang.AssertionError">
            <message>
              <![CDATA[ new page failed to add in the table expected [Dates] but found [Blackberries]]]>
            </message>
            <full-stacktrace>
              <![CDATA[java.lang.AssertionError:  new page failed to add in the table expected [Dates] but found [Blackberries]
at org.testng.Assert.fail(Assert.java:110)
at org.testng.Assert.failNotEquals(Assert.java:1413)
at org.testng.Assert.assertEqualsImpl(Assert.java:149)
at org.testng.Assert.assertEquals(Assert.java:131)
at org.testng.Assert.assertEquals(Assert.java:655)
at com.obsqura.testScripts.ManagepageTest.verify_newButton_allowstoAddPageswith_new_page_and_title(ManagepageTest.java:27)
at sun.reflect.NativeMethodAccessorImpl.invoke0(Native Method)
at sun.reflect.NativeMethodAccessorImpl.invoke(NativeMethodAccessorImpl.java:62)
at sun.reflect.DelegatingMethodAccessorImpl.invoke(DelegatingMethodAccessorImpl.java:43)
at java.lang.reflect.Method.invoke(Method.java:498)
at org.testng.internal.invokers.MethodInvocationHelper.invokeMethod(MethodInvocationHelper.java:135)
at org.testng.internal.invokers.TestInvoker.invokeMethod(TestInvoker.java:673)
at org.testng.internal.invokers.TestInvoker.invokeTestMethod(TestInvoker.java:220)
at org.testng.internal.invokers.MethodRunner.runInSequence(MethodRunner.java:50)
at org.testng.internal.invokers.TestInvoker$MethodInvocationAgent.invoke(TestInvoker.java:945)
at org.testng.internal.invokers.TestInvoker.invokeTestMethods(TestInvoker.java:193)
at org.testng.internal.invokers.TestMethodWorker.invokeTestMethods(TestMethodWorker.java:146)
at org.testng.internal.invokers.TestMethodWorker.run(TestMethodWorker.java:128)
at java.util.ArrayList.forEach(ArrayList.java:1257)
at org.testng.TestRunner.privateRun(TestRunner.java:808)
at org.testng.TestRunner.run(TestRunner.java:603)
at org.testng.SuiteRunner.runTest(SuiteRunner.java:429)
at org.testng.SuiteRunner.runSequentially(SuiteRunner.java:423)
at org.testng.SuiteRunner.privateRun(SuiteRunner.java:383)
at org.testng.SuiteRunner.run(SuiteRunner.java:326)
at org.testng.SuiteRunnerWorker.runSuite(SuiteRunnerWorker.java:52)
at org.testng.SuiteRunnerWorker.run(SuiteRunnerWorker.java:95)
at org.testng.TestNG.runSuitesSequentially(TestNG.java:1249)
at org.testng.TestNG.runSuitesLocally(TestNG.java:1169)
at org.testng.TestNG.runSuites(TestNG.java:1092)
at org.testng.TestNG.run(TestNG.java:1060)
at org.apache.maven.surefire.testng.TestNGExecutor.run(TestNGExecutor.java:284)
at org.apache.maven.surefire.testng.TestNGXmlTestSuite.execute(TestNGXmlTestSuite.java:75)
at org.apache.maven.surefire.testng.TestNGProvider.invoke(TestNGProvider.java:119)
at org.apache.maven.surefire.booter.ForkedBooter.runSuitesInProcess(ForkedBooter.java:428)
at org.apache.maven.surefire.booter.ForkedBooter.execute(ForkedBooter.java:162)
at org.apache.maven.surefire.booter.ForkedBooter.run(ForkedBooter.java:562)
at org.apache.maven.surefire.booter.ForkedBooter.main(ForkedBooter.java:548)
]]>
            </full-stacktrace>
          </exception> <!-- java.lang.AssertionError -->
          <reporter-output>
          </reporter-output>
        </test-method> <!-- verify_newButton_allowstoAddPageswith_new_page_and_title -->
        <test-method status="PASS" signature="browserQuit(org.testng.ITestResult)[pri:0, instance:com.obsqura.testScripts.ManagepageTest@1df82230]" name="browserQuit" is-config="true" duration-ms="709" started-at="2023-04-21T16:42:36 GST" finished-at="2023-04-21T16:42:37 GST">
          <params>
            <param index="0">
              <value>
                <![CDATA[[TestResult name=verify_newButton_allowstoAddPageswith_new_page_and_title status=SKIP method=ManagepageTest.verify_newButton_allowstoAddPageswith_new_page_and_title()[pri:1, instance:com.obsqura.testScripts.ManagepageTest@1df82230] output={null}]]]>
              </value>
            </param>
          </params>
          <reporter-output>
          </reporter-output>
        </test-method> <!-- browserQuit -->
        <test-method status="PASS" signature="toInitializeBrowser(java.lang.String)[pri:0, instance:com.obsqura.testScripts.ManagepageTest@1df82230]" name="toInitializeBrowser" is-config="true" duration-ms="4223" started-at="2023-04-21T16:42:37 GST" finished-at="2023-04-21T16:42:41 GST">
          <params>
            <param index="0">
              <value>
                <![CDATA[Chrome]]>
              </value>
            </param>
          </params>
          <reporter-output>
          </reporter-output>
        </test-method> <!-- toInitializeBrowser -->
        <test-method status="PASS" signature="verify_newButton_allowstoAddPageswith_new_page_and_title()[pri:1, instance:com.obsqura.testScripts.ManagepageTest@1df82230]" name="verify_newButton_allowstoAddPageswith_new_page_and_title" duration-ms="3429" started-at="2023-04-21T16:42:41 GST" finished-at="2023-04-21T16:42:45 GST">
          <reporter-output>
          </reporter-output>
        </test-method> <!-- verify_newButton_allowstoAddPageswith_new_page_and_title -->
        <test-method status="PASS" signature="browserQuit(org.testng.ITestResult)[pri:0, instance:com.obsqura.testScripts.ManagepageTest@1df82230]" name="browserQuit" is-config="true" duration-ms="719" started-at="2023-04-21T16:42:45 GST" finished-at="2023-04-21T16:42:46 GST">
          <params>
            <param index="0">
              <value>
                <![CDATA[[TestResult name=verify_newButton_allowstoAddPageswith_new_page_and_title status=SUCCESS method=ManagepageTest.verify_newButton_allowstoAddPageswith_new_page_and_title()[pri:1, instance:com.obsqura.testScripts.ManagepageTest@1df82230] output={null}]]]>
              </value>
            </param>
          </params>
          <reporter-output>
          </reporter-output>
        </test-method> <!-- browserQuit -->
        <test-method status="PASS" signature="toInitializeBrowser(java.lang.String)[pri:0, instance:com.obsqura.testScripts.ManagepageTest@1df82230]" name="toInitializeBrowser" is-config="true" duration-ms="4229" started-at="2023-04-21T16:42:46 GST" finished-at="2023-04-21T16:42:50 GST">
          <params>
            <param index="0">
              <value>
                <![CDATA[Chrome]]>
              </value>
            </param>
          </params>
          <reporter-output>
          </reporter-output>
        </test-method> <!-- toInitializeBrowser -->
        <test-method status="PASS" signature="verify_searchButton_shows_ResultNotFound_When_Search_Non_ExistingPage()[pri:2, instance:com.obsqura.testScripts.ManagepageTest@1df82230]" name="verify_searchButton_shows_ResultNotFound_When_Search_Non_ExistingPage" duration-ms="1934" started-at="2023-04-21T16:42:50 GST" finished-at="2023-04-21T16:42:52 GST">
          <reporter-output>
          </reporter-output>
        </test-method> <!-- verify_searchButton_shows_ResultNotFound_When_Search_Non_ExistingPage -->
        <test-method status="PASS" signature="browserQuit(org.testng.ITestResult)[pri:0, instance:com.obsqura.testScripts.ManagepageTest@1df82230]" name="browserQuit" is-config="true" duration-ms="750" started-at="2023-04-21T16:42:52 GST" finished-at="2023-04-21T16:42:52 GST">
          <params>
            <param index="0">
              <value>
                <![CDATA[[TestResult name=verify_searchButton_shows_ResultNotFound_When_Search_Non_ExistingPage status=SUCCESS method=ManagepageTest.verify_searchButton_shows_ResultNotFound_When_Search_Non_ExistingPage()[pri:2, instance:com.obsqura.testScripts.ManagepageTest@1df82230] output={null}]]]>
              </value>
            </param>
          </params>
          <reporter-output>
          </reporter-output>
        </test-method> <!-- browserQuit -->
        <test-method status="PASS" signature="toInitializeBrowser(java.lang.String)[pri:0, instance:com.obsqura.testScripts.ManagepageTest@1df82230]" name="toInitializeBrowser" is-config="true" duration-ms="4121" started-at="2023-04-21T16:42:52 GST" finished-at="2023-04-21T16:42:57 GST">
          <params>
            <param index="0">
              <value>
                <![CDATA[Chrome]]>
              </value>
            </param>
          </params>
          <reporter-output>
          </reporter-output>
        </test-method> <!-- toInitializeBrowser -->
        <test-method status="PASS" signature="verify_searchButton_shows_Corresponding_Result_When_search_an_ExistingPage()[pri:3, instance:com.obsqura.testScripts.ManagepageTest@1df82230]" name="verify_searchButton_shows_Corresponding_Result_When_search_an_ExistingPage" duration-ms="1950" started-at="2023-04-21T16:42:57 GST" finished-at="2023-04-21T16:42:59 GST">
          <reporter-output>
          </reporter-output>
        </test-method> <!-- verify_searchButton_shows_Corresponding_Result_When_search_an_ExistingPage -->
        <test-method status="PASS" signature="browserQuit(org.testng.ITestResult)[pri:0, instance:com.obsqura.testScripts.ManagepageTest@1df82230]" name="browserQuit" is-config="true" duration-ms="691" started-at="2023-04-21T16:42:59 GST" finished-at="2023-04-21T16:42:59 GST">
          <params>
            <param index="0">
              <value>
                <![CDATA[[TestResult name=verify_searchButton_shows_Corresponding_Result_When_search_an_ExistingPage status=SUCCESS method=ManagepageTest.verify_searchButton_shows_Corresponding_Result_When_search_an_ExistingPage()[pri:3, instance:com.obsqura.testScripts.ManagepageTest@1df82230] output={null}]]]>
              </value>
            </param>
          </params>
          <reporter-output>
          </reporter-output>
        </test-method> <!-- browserQuit -->
      </class> <!-- com.obsqura.testScripts.ManagepageTest -->
    </test> <!-- Test -->
  </suite> <!-- Suite -->
</testng-results>
