<html>
<head>
<title>TestNG:  Test</title>
<link href="../testng.css" rel="stylesheet" type="text/css" />
<link href="../my-testng.css" rel="stylesheet" type="text/css" />

<style type="text/css">
.log { display: none;} 
.stack-trace { display: none;} 
</style>
<script type="text/javascript">
<!--
function flip(e) {
  current = e.style.display;
  if (current == 'block') {
    e.style.display = 'none';
    return 0;
  }
  else {
    e.style.display = 'block';
    return 1;
  }
}

function toggleBox(szDivId, elem, msg1, msg2)
{
  var res = -1;  if (document.getElementById) {
    res = flip(document.getElementById(szDivId));
  }
  else if (document.all) {
    // this is the way old msie versions work
    res = flip(document.all[szDivId]);
  }
  if(elem) {
    if(res == 0) elem.innerHTML = msg1; else elem.innerHTML = msg2;
  }

}

function toggleAllBoxes() {
  if (document.getElementsByTagName) {
    d = document.getElementsByTagName('div');
    for (i = 0; i < d.length; i++) {
      if (d[i].className == 'log') {
        flip(d[i]);
      }
    }
  }
}

// -->
</script>

</head>
<body>
<h2 align='center'>Test</h2><table border='1' align="center">
<tr>
<td>Tests passed/Failed/Skipped:</td><td>15/0/1</td>
</tr><tr>
<td>Started on:</td><td>Fri Apr 21 16:41:34 GST 2023</td>
</tr>
<tr><td>Total time:</td><td>121 seconds (121882 ms)</td>
</tr><tr>
<td>Included groups:</td><td></td>
</tr><tr>
<td>Excluded groups:</td><td></td>
</tr>
</table><p/>
<small><i>(Hover the method name to see the test class name)</i></small><p/>
<table width='100%' border='1' class='invocation-passed'>
<tr><td colspan='4' align='center'><b>PASSED TESTS</b></td></tr>
<tr><td><b>Test method</b></td>
<td width="30%"><b>Exception</b></td>
<td width="10%"><b>Time (seconds)</b></td>
<td><b>Instance</b></td>
</tr>
<tr>
<td title='com.obsqura.testScripts.LoginTest.verify_login_with_Credentials()'><b>verify_login_with_Credentials</b><br>Test class: com.obsqura.testScripts.LoginTest<br>Parameters: admin, admin</td>
<td></td>
<td>1</td>
<td>com.obsqura.testScripts.LoginTest@79ad8b2f</td></tr>
<tr>
<td title='com.obsqura.testScripts.ManageSliderTest.verify_manageSliderLink_navigatedto_ListSliderPage()'><b>verify_manageSliderLink_navigatedto_ListSliderPage</b><br>Test class: com.obsqura.testScripts.ManageSliderTest</td>
<td></td>
<td>1</td>
<td>com.obsqura.testScripts.ManageSliderTest@22635ba0</td></tr>
<tr>
<td title='com.obsqura.testScripts.AdminUsersTest.verify_resetButtonBackgroundColor()'><b>verify_resetButtonBackgroundColor</b><br>Test class: com.obsqura.testScripts.AdminUsersTest</td>
<td></td>
<td>1</td>
<td>com.obsqura.testScripts.AdminUsersTest@402e37bc</td></tr>
<tr>
<td title='com.obsqura.testScripts.ManageExpenseTest.verify_Cofirmation_AlertboxText_when_DeleteButton_Clicked()'><b>verify_Cofirmation_AlertboxText_when_DeleteButton_Clicked</b><br>Test class: com.obsqura.testScripts.ManageExpenseTest</td>
<td></td>
<td>1</td>
<td>com.obsqura.testScripts.ManageExpenseTest@13c10b87</td></tr>
<tr>
<td title='com.obsqura.testScripts.ManagepageTest.verify_newButton_allowstoAddPageswith_new_page_and_title()'><b>verify_newButton_allowstoAddPageswith_new_page_and_title</b><br>Test class: com.obsqura.testScripts.ManagepageTest</td>
<td></td>
<td>3</td>
<td>com.obsqura.testScripts.ManagepageTest@1df82230</td></tr>
<tr>
<td title='com.obsqura.testScripts.AdminUsersTest.verify_New_AdminUser_Details_Added_In_The_Table_When_SaveButton_Clicked()'><b>verify_New_AdminUser_Details_Added_In_The_Table_When_SaveButton_Clicked</b><br>Test class: com.obsqura.testScripts.AdminUsersTest</td>
<td></td>
<td>3</td>
<td>com.obsqura.testScripts.AdminUsersTest@402e37bc</td></tr>
<tr>
<td title='com.obsqura.testScripts.LoginTest.verify_SignIn_Button_Text_Alignment_Is_Center()'><b>verify_SignIn_Button_Text_Alignment_Is_Center</b><br>Test class: com.obsqura.testScripts.LoginTest</td>
<td></td>
<td>0</td>
<td>com.obsqura.testScripts.LoginTest@79ad8b2f</td></tr>
<tr>
<td title='com.obsqura.testScripts.ManageProductTest.verify_nonVegRadioButtonIsSelectable()'><b>verify_nonVegRadioButtonIsSelectable</b><br>Test class: com.obsqura.testScripts.ManageProductTest</td>
<td></td>
<td>5</td>
<td>com.obsqura.testScripts.ManageProductTest@15761df8</td></tr>
<tr>
<td title='com.obsqura.testScripts.LoginTest.verify_RememberMe_CheckBox_Is_Selected()'><b>verify_RememberMe_CheckBox_Is_Selected</b><br>Test class: com.obsqura.testScripts.LoginTest</td>
<td></td>
<td>0</td>
<td>com.obsqura.testScripts.LoginTest@79ad8b2f</td></tr>
<tr>
<td title='com.obsqura.testScripts.ManageExpenseTest.verify_Cofirmation_Alertbox_Cancel_Click()'><b>verify_Cofirmation_Alertbox_Cancel_Click</b><br>Test class: com.obsqura.testScripts.ManageExpenseTest</td>
<td></td>
<td>1</td>
<td>com.obsqura.testScripts.ManageExpenseTest@13c10b87</td></tr>
<tr>
<td title='com.obsqura.testScripts.ManagepageTest.verify_searchButton_shows_ResultNotFound_When_Search_Non_ExistingPage()'><b>verify_searchButton_shows_ResultNotFound_When_Search_Non_ExistingPage</b><br>Test class: com.obsqura.testScripts.ManagepageTest</td>
<td></td>
<td>1</td>
<td>com.obsqura.testScripts.ManagepageTest@1df82230</td></tr>
<tr>
<td title='com.obsqura.testScripts.ManageOfferCodeTest.verify_seraching_With_Offercode_Shows_Corressponding_Details()'><b>verify_seraching_With_Offercode_Shows_Corressponding_Details</b><br>Test class: com.obsqura.testScripts.ManageOfferCodeTest<br>Parameters: trynew20</td>
<td></td>
<td>2</td>
<td>com.obsqura.testScripts.ManageOfferCodeTest@6a01e23</td></tr>
<tr>
<td title='com.obsqura.testScripts.ManageProductTest.verify_weightUnitDropdownisWorking()'><b>verify_weightUnitDropdownisWorking</b><br>Test class: com.obsqura.testScripts.ManageProductTest</td>
<td></td>
<td>2</td>
<td>com.obsqura.testScripts.ManageProductTest@15761df8</td></tr>
<tr>
<td title='com.obsqura.testScripts.ManagepageTest.verify_searchButton_shows_Corresponding_Result_When_search_an_ExistingPage()'><b>verify_searchButton_shows_Corresponding_Result_When_search_an_ExistingPage</b><br>Test class: com.obsqura.testScripts.ManagepageTest</td>
<td></td>
<td>1</td>
<td>com.obsqura.testScripts.ManagepageTest@1df82230</td></tr>
<tr>
<td title='com.obsqura.testScripts.ManageSliderTest.verify_StatusChanged_Successfully_in_The_Table()'><b>verify_StatusChanged_Successfully_in_The_Table</b><br>Test class: com.obsqura.testScripts.ManageSliderTest</td>
<td></td>
<td>2</td>
<td>com.obsqura.testScripts.ManageSliderTest@22635ba0</td></tr>
</table><p>
<table width='100%' border='1' class='invocation-skipped'>
<tr><td colspan='4' align='center'><b>SKIPPED TESTS</b></td></tr>
<tr><td><b>Test method</b></td>
<td width="30%"><b>Exception</b></td>
<td width="10%"><b>Time (seconds)</b></td>
<td><b>Instance</b></td>
</tr>
<tr>
<td title='com.obsqura.testScripts.ManagepageTest.verify_newButton_allowstoAddPageswith_new_page_and_title()'><b>verify_newButton_allowstoAddPageswith_new_page_and_title</b><br>Test class: com.obsqura.testScripts.ManagepageTest</td>
<td><div><pre>java.lang.AssertionError:  new page failed to add in the table expected [Dates] but found [Blackberries]
	at com.obsqura.testScripts.ManagepageTest.verify_newButton_allowstoAddPageswith_new_page_and_title(ManagepageTest.java:27)
	at java.util.ArrayList.forEach(ArrayList.java:1257)
... Removed 36 stack frames</pre></div><a href='#' onClick='toggleBox("stack-trace664671266", this, "Click to show all stack frames", "Click to hide stack frames")'>Click to show all stack frames</a>
<div class='stack-trace' id='stack-trace664671266'><pre>java.lang.AssertionError:  new page failed to add in the table expected [Dates] but found [Blackberries]
	at org.testng.Assert.fail(Assert.java:110)
	at org.testng.Assert.failNotEquals(Assert.java:1413)
	at org.testng.Assert.assertEqualsImpl(Assert.java:149)
	at org.testng.Assert.assertEquals(Assert.java:131)
	at org.testng.Assert.assertEquals(Assert.java:655)
	at com.obsqura.testScripts.ManagepageTest.verify_newButton_allowstoAddPageswith_new_page_and_title(ManagepageTest.java:27)
	at sun.reflect.NativeMethodAccessorImpl.invoke0(Native Method)
	at sun.reflect.NativeMethodAccessorImpl.invoke(NativeMethodAccessorImpl.java:62)
	at sun.reflect.DelegatingMethodAccessorImpl.invoke(DelegatingMethodAccessorImpl.java:43)
	at java.lang.reflect.Method.invoke(Method.java:498)
	at org.testng.internal.invokers.MethodInvocationHelper.invokeMethod(MethodInvocationHelper.java:135)
	at org.testng.internal.invokers.TestInvoker.invokeMethod(TestInvoker.java:673)
	at org.testng.internal.invokers.TestInvoker.invokeTestMethod(TestInvoker.java:220)
	at org.testng.internal.invokers.MethodRunner.runInSequence(MethodRunner.java:50)
	at org.testng.internal.invokers.TestInvoker$MethodInvocationAgent.invoke(TestInvoker.java:945)
	at org.testng.internal.invokers.TestInvoker.invokeTestMethods(TestInvoker.java:193)
	at org.testng.internal.invokers.TestMethodWorker.invokeTestMethods(TestMethodWorker.java:146)
	at org.testng.internal.invokers.TestMethodWorker.run(TestMethodWorker.java:128)
	at java.util.ArrayList.forEach(ArrayList.java:1257)
	at org.testng.TestRunner.privateRun(TestRunner.java:808)
	at org.testng.TestRunner.run(TestRunner.java:603)
	at org.testng.SuiteRunner.runTest(SuiteRunner.java:429)
	at org.testng.SuiteRunner.runSequentially(SuiteRunner.java:423)
	at org.testng.SuiteRunner.privateRun(SuiteRunner.java:383)
	at org.testng.SuiteRunner.run(SuiteRunner.java:326)
	at org.testng.SuiteRunnerWorker.runSuite(SuiteRunnerWorker.java:52)
	at org.testng.SuiteRunnerWorker.run(SuiteRunnerWorker.java:95)
	at org.testng.TestNG.runSuitesSequentially(TestNG.java:1249)
	at org.testng.TestNG.runSuitesLocally(TestNG.java:1169)
	at org.testng.TestNG.runSuites(TestNG.java:1092)
	at org.testng.TestNG.run(TestNG.java:1060)
	at org.apache.maven.surefire.testng.TestNGExecutor.run(TestNGExecutor.java:284)
	at org.apache.maven.surefire.testng.TestNGXmlTestSuite.execute(TestNGXmlTestSuite.java:75)
	at org.apache.maven.surefire.testng.TestNGProvider.invoke(TestNGProvider.java:119)
	at org.apache.maven.surefire.booter.ForkedBooter.runSuitesInProcess(ForkedBooter.java:428)
	at org.apache.maven.surefire.booter.ForkedBooter.execute(ForkedBooter.java:162)
	at org.apache.maven.surefire.booter.ForkedBooter.run(ForkedBooter.java:562)
	at org.apache.maven.surefire.booter.ForkedBooter.main(ForkedBooter.java:548)
</pre></div></td>
<td>3</td>
<td>com.obsqura.testScripts.ManagepageTest@1df82230</td></tr>
</table><p>
</body>
</html>