<html>
<head>
<title>TestNG:  chrome test</title>
<link href="../testng.css" rel="stylesheet" type="text/css" />
<link href="../my-testng.css" rel="stylesheet" type="text/css" />

<style type="text/css">
.log { display: none;} 
.stack-trace { display: none;} 
</style>
<script type="text/javascript">
<!--
function flip(e) {
  current = e.style.display;
  if (current == 'block') {
    e.style.display = 'none';
    return 0;
  }
  else {
    e.style.display = 'block';
    return 1;
  }
}

function toggleBox(szDivId, elem, msg1, msg2)
{
  var res = -1;  if (document.getElementById) {
    res = flip(document.getElementById(szDivId));
  }
  else if (document.all) {
    // this is the way old msie versions work
    res = flip(document.all[szDivId]);
  }
  if(elem) {
    if(res == 0) elem.innerHTML = msg1; else elem.innerHTML = msg2;
  }

}

function toggleAllBoxes() {
  if (document.getElementsByTagName) {
    d = document.getElementsByTagName('div');
    for (i = 0; i < d.length; i++) {
      if (d[i].className == 'log') {
        flip(d[i]);
      }
    }
  }
}

// -->
</script>

</head>
<body>
<h2 align='center'>chrome test</h2><table border='1' align="center">
<tr>
<td>Tests passed/Failed/Skipped:</td><td>15/0/1</td>
</tr><tr>
<td>Started on:</td><td>Wed Apr 26 13:29:01 GST 2023</td>
</tr>
<tr><td>Total time:</td><td>236 seconds (236919 ms)</td>
</tr><tr>
<td>Included groups:</td><td></td>
</tr><tr>
<td>Excluded groups:</td><td></td>
</tr>
</table><p/>
<small><i>(Hover the method name to see the test class name)</i></small><p/>
<table width='100%' border='1' class='invocation-passed'>
<tr><td colspan='4' align='center'><b>PASSED TESTS</b></td></tr>
<tr><td><b>Test method</b></td>
<td width="30%"><b>Exception</b></td>
<td width="10%"><b>Time (seconds)</b></td>
<td><b>Instance</b></td>
</tr>
<tr>
<td title='com.obsqura.testScripts.LoginTest.verify_login_with_Credentials()'><b>verify_login_with_Credentials</b><br>Test class: com.obsqura.testScripts.LoginTest<br>Parameters: Admin, admin</td>
<td></td>
<td>1</td>
<td>com.obsqura.testScripts.LoginTest@3dd69f5a</td></tr>
<tr>
<td title='com.obsqura.testScripts.LoginTest.verify_login_with_Credentials()'><b>verify_login_with_Credentials</b><br>Test class: com.obsqura.testScripts.LoginTest<br>Parameters: admin, admin</td>
<td></td>
<td>1</td>
<td>com.obsqura.testScripts.LoginTest@3dd69f5a</td></tr>
<tr>
<td title='com.obsqura.testScripts.ManageProductTest.verify_nonVegRadioButtonIsSelectable()'><b>verify_nonVegRadioButtonIsSelectable</b><br>Test class: com.obsqura.testScripts.ManageProductTest</td>
<td></td>
<td>3</td>
<td>com.obsqura.testScripts.ManageProductTest@5003041b</td></tr>
<tr>
<td title='com.obsqura.testScripts.ManagepageTest.verify_searchButton_shows_Corresponding_Result_When_search_an_ExistingPage()'><b>verify_searchButton_shows_Corresponding_Result_When_search_an_ExistingPage</b><br>Test class: com.obsqura.testScripts.ManagepageTest</td>
<td></td>
<td>2</td>
<td>com.obsqura.testScripts.ManagepageTest@1ee4730</td></tr>
<tr>
<td title='com.obsqura.testScripts.AdminUsersTest.verify_resetButton_BackgroundColor()'><b>verify_resetButton_BackgroundColor</b><br>Test class: com.obsqura.testScripts.AdminUsersTest</td>
<td></td>
<td>2</td>
<td>com.obsqura.testScripts.AdminUsersTest@59a67c3a</td></tr>
<tr>
<td title='com.obsqura.testScripts.LoginTest.verify_logout_from_the_Session_is_Possible_when_LogoutButton_Clicked()'><b>verify_logout_from_the_Session_is_Possible_when_LogoutButton_Clicked</b><br>Test class: com.obsqura.testScripts.LoginTest</td>
<td></td>
<td>3</td>
<td>com.obsqura.testScripts.LoginTest@3dd69f5a</td></tr>
<tr>
<td title='com.obsqura.testScripts.AdminUsersTest.verify_New_AdminUser_Details_Added_In_The_Table_When_SaveButton_Clicked()'><b>verify_New_AdminUser_Details_Added_In_The_Table_When_SaveButton_Clicked</b><br>Test class: com.obsqura.testScripts.AdminUsersTest</td>
<td></td>
<td>7</td>
<td>com.obsqura.testScripts.AdminUsersTest@59a67c3a</td></tr>
<tr>
<td title='com.obsqura.testScripts.ManageProductTest.verify_weightUnitDropdownisWorking()'><b>verify_weightUnitDropdownisWorking</b><br>Test class: com.obsqura.testScripts.ManageProductTest</td>
<td></td>
<td>3</td>
<td>com.obsqura.testScripts.ManageProductTest@5003041b</td></tr>
<tr>
<td title='com.obsqura.testScripts.LoginTest.verify_SignIn_Button_Text_Alignment_Is_Center()'><b>verify_SignIn_Button_Text_Alignment_Is_Center</b><br>Test class: com.obsqura.testScripts.LoginTest</td>
<td></td>
<td>0</td>
<td>com.obsqura.testScripts.LoginTest@3dd69f5a</td></tr>
<tr>
<td title='com.obsqura.testScripts.ManageExpenseTest.verify_Cofirmation_AlertboxText_when_DeleteButton_Clicked()'><b>verify_Cofirmation_AlertboxText_when_DeleteButton_Clicked</b><br>Test class: com.obsqura.testScripts.ManageExpenseTest</td>
<td></td>
<td>3</td>
<td>com.obsqura.testScripts.ManageExpenseTest@3aa3193a</td></tr>
<tr>
<td title='com.obsqura.testScripts.AdminUsersTest.verify_Resul_Not_Found_AppearsIn_The_Table_When_search_non_ExistingUser()'><b>verify_Resul_Not_Found_AppearsIn_The_Table_When_search_non_ExistingUser</b><br>Test class: com.obsqura.testScripts.AdminUsersTest</td>
<td></td>
<td>2</td>
<td>com.obsqura.testScripts.AdminUsersTest@59a67c3a</td></tr>
<tr>
<td title='com.obsqura.testScripts.AdminUsersTest.verify_searchButton_shows_Corresponding_Result_When_search_an_ExistingUser()'><b>verify_searchButton_shows_Corresponding_Result_When_search_an_ExistingUser</b><br>Test class: com.obsqura.testScripts.AdminUsersTest</td>
<td></td>
<td>2</td>
<td>com.obsqura.testScripts.AdminUsersTest@59a67c3a</td></tr>
<tr>
<td title='com.obsqura.testScripts.ManagepageTest.verify_newButton_allowstoAddPageswith_new_page_and_title()'><b>verify_newButton_allowstoAddPageswith_new_page_and_title</b><br>Test class: com.obsqura.testScripts.ManagepageTest</td>
<td></td>
<td>4</td>
<td>com.obsqura.testScripts.ManagepageTest@1ee4730</td></tr>
<tr>
<td title='com.obsqura.testScripts.ManageExpenseTest.verify_Cofirmation_Alertbox_Cancel_Click_Disallow_Deletion()'><b>verify_Cofirmation_Alertbox_Cancel_Click_Disallow_Deletion</b><br>Test class: com.obsqura.testScripts.ManageExpenseTest</td>
<td></td>
<td>2</td>
<td>com.obsqura.testScripts.ManageExpenseTest@3aa3193a</td></tr>
<tr>
<td title='com.obsqura.testScripts.ManagepageTest.verify_searchButton_shows_ResultNotFound_When_Search_Non_ExistingPage()'><b>verify_searchButton_shows_ResultNotFound_When_Search_Non_ExistingPage</b><br>Test class: com.obsqura.testScripts.ManagepageTest</td>
<td></td>
<td>2</td>
<td>com.obsqura.testScripts.ManagepageTest@1ee4730</td></tr>
</table><p>
<table width='100%' border='1' class='invocation-skipped'>
<tr><td colspan='4' align='center'><b>SKIPPED TESTS</b></td></tr>
<tr><td><b>Test method</b></td>
<td width="30%"><b>Exception</b></td>
<td width="10%"><b>Time (seconds)</b></td>
<td><b>Instance</b></td>
</tr>
<tr>
<td title='com.obsqura.testScripts.AdminUsersTest.verify_New_AdminUser_Details_Added_In_The_Table_When_SaveButton_Clicked()'><b>verify_New_AdminUser_Details_Added_In_The_Table_When_SaveButton_Clicked</b><br>Test class: com.obsqura.testScripts.AdminUsersTest</td>
<td><div><pre>org.openqa.selenium.TimeoutException: Expected condition failed: waiting for visibility of Proxy element for: DefaultElementLocator &apos;By.xpath: //div[contains(@class,&apos;alert alert-success alert-dismissible&apos;)]&apos; (tried for 50 second(s) with 500 milliseconds interval)
	at org.openqa.selenium.support.ui.WebDriverWait.timeoutException(WebDriverWait.java:87)
	at org.openqa.selenium.support.ui.FluentWait.until(FluentWait.java:231)
	at utilities.WaitUtility.waitForvisibilityOfElement(WaitUtility.java:68)
	at com.obsqura.pages.AdminUsersPage.checkInTtheTable(AdminUsersPage.java:98)
	at com.obsqura.testScripts.AdminUsersTest.verify_New_AdminUser_Details_Added_In_The_Table_When_SaveButton_Clicked(AdminUsersTest.java:30)
	at java.base/java.util.ArrayList.forEach(ArrayList.java:1511)
	at java.base/java.util.concurrent.FutureTask.run(FutureTask.java:264)
	at java.base/java.util.concurrent.ThreadPoolExecutor.runWorker(ThreadPoolExecutor.java:1136)
	at java.base/java.util.concurrent.ThreadPoolExecutor$Worker.run(ThreadPoolExecutor.java:635)
	at java.base/java.lang.Thread.run(Thread.java:833)
Caused by: org.openqa.selenium.NoSuchElementException: no such element: Unable to locate element: {&quot;method&quot;:&quot;xpath&quot;,&quot;selector&quot;:&quot;//div[contains(@class,&apos;alert alert-success alert-dismissible&apos;)]&quot;}
  (Session info: chrome=112.0.5615.138)
For documentation on this error, please visit: https://selenium.dev/exceptions/#no_such_element
Build info: version: &apos;4.8.1&apos;, revision: &apos;8ebccac989&apos;
System info: os.name: &apos;Windows 10&apos;, os.arch: &apos;amd64&apos;, os.version: &apos;10.0&apos;, java.version: &apos;17.0.6&apos;
Driver info: org.openqa.selenium.chrome.ChromeDriver
Command: [c59ee6e84b85bf133aa28a655fda7869, findElement {using=xpath, value=//div[contains(@class,&apos;alert alert-success alert-dismissible&apos;)]}]
Capabilities {acceptInsecureCerts: false, browserName: chrome, browserVersion: 112.0.5615.138, chrome: {chromedriverVersion: 112.0.5615.49 (bd2a7bcb881c..., userDataDir: C:\Users\PROBOO~1\AppData\L...}, goog:chromeOptions: {debuggerAddress: localhost:50826}, networkConnectionEnabled: false, pageLoadStrategy: normal, platformName: WINDOWS, proxy: Proxy(), se:cdp: ws://localhost:50826/devtoo..., se:cdpVersion: 112.0.5615.138, setWindowRect: true, strictFileInteractability: false, timeouts: {implicit: 0, pageLoad: 300000, script: 30000}, unhandledPromptBehavior: dismiss and notify, webauthn:extension:credBlob: true, webauthn:extension:largeBlob: true, webauthn:extension:minPinLength: true, webauthn:extension:prf: true, webauthn:virtualAuthenticators: true}
Session ID: c59ee6e84b85bf133aa28a655fda7869
	at org.openqa.selenium.remote.codec.w3c.W3CHttpResponseCodec.createException(W3CHttpResponseCodec.java:200)
	at org.openqa.selenium.remote.codec.w3c.W3CHttpResponseCodec.decode(W3CHttpResponseCodec.java:133)
	at org.openqa.selenium.remote.codec.w3c.W3CHttpResponseCodec.decode(W3CHttpResponseCodec.java:53)
	at org.openqa.selenium.remote.HttpCommandExecutor.execute(HttpCommandExecutor.java:184)
	at org.openqa.selenium.remote.service.DriverCommandExecutor.invokeExecute(DriverCommandExecutor.java:167)
	at org.openqa.selenium.remote.service.DriverCommandExecutor.execute(DriverCommandExecutor.java:142)
	at org.openqa.selenium.remote.RemoteWebDriver.execute(RemoteWebDriver.java:543)
	at org.openqa.selenium.remote.ElementLocation$ElementFinder$2.findElement(ElementLocation.java:162)
	at org.openqa.selenium.remote.ElementLocation.findElement(ElementLocation.java:60)
	at org.openqa.selenium.remote.RemoteWebDriver.findElement(RemoteWebDriver.java:352)
	at org.openqa.selenium.remote.RemoteWebDriver.findElement(RemoteWebDriver.java:344)
	at org.openqa.selenium.support.pagefactory.DefaultElementLocator.findElement(DefaultElementLocator.java:70)
	at org.openqa.selenium.support.pagefactory.internal.LocatingElementHandler.invoke(LocatingElementHandler.java:39)
	at jdk.proxy2/jdk.proxy2.$Proxy21.isDisplayed(Unknown Source)
	at org.openqa.selenium.support.ui.ExpectedConditions.elementIfVisible(ExpectedConditions.java:307)
	at org.openqa.selenium.support.ui.ExpectedConditions.access$000(ExpectedConditions.java:40)
	at org.openqa.selenium.support.ui.ExpectedConditions$10.apply(ExpectedConditions.java:293)
	at org.openqa.selenium.support.ui.ExpectedConditions$10.apply(ExpectedConditions.java:290)
	at org.openqa.selenium.support.ui.FluentWait.until(FluentWait.java:208)
	... 26 more
... Removed 22 stack frames</pre></div><a href='#' onClick='toggleBox("stack-trace1261888188", this, "Click to show all stack frames", "Click to hide stack frames")'>Click to show all stack frames</a>
<div class='stack-trace' id='stack-trace1261888188'><pre>org.openqa.selenium.TimeoutException: Expected condition failed: waiting for visibility of Proxy element for: DefaultElementLocator &apos;By.xpath: //div[contains(@class,&apos;alert alert-success alert-dismissible&apos;)]&apos; (tried for 50 second(s) with 500 milliseconds interval)
	at org.openqa.selenium.support.ui.WebDriverWait.timeoutException(WebDriverWait.java:87)
	at org.openqa.selenium.support.ui.FluentWait.until(FluentWait.java:231)
	at utilities.WaitUtility.waitForvisibilityOfElement(WaitUtility.java:68)
	at com.obsqura.pages.AdminUsersPage.checkInTtheTable(AdminUsersPage.java:98)
	at com.obsqura.testScripts.AdminUsersTest.verify_New_AdminUser_Details_Added_In_The_Table_When_SaveButton_Clicked(AdminUsersTest.java:30)
	at java.base/jdk.internal.reflect.NativeMethodAccessorImpl.invoke0(Native Method)
	at java.base/jdk.internal.reflect.NativeMethodAccessorImpl.invoke(NativeMethodAccessorImpl.java:77)
	at java.base/jdk.internal.reflect.DelegatingMethodAccessorImpl.invoke(DelegatingMethodAccessorImpl.java:43)
	at java.base/java.lang.reflect.Method.invoke(Method.java:568)
	at org.testng.internal.MethodInvocationHelper.invokeMethod(MethodInvocationHelper.java:133)
	at org.testng.internal.TestInvoker.invokeMethod(TestInvoker.java:598)
	at org.testng.internal.TestInvoker.invokeTestMethod(TestInvoker.java:173)
	at org.testng.internal.MethodRunner.runInSequence(MethodRunner.java:46)
	at org.testng.internal.TestInvoker$MethodInvocationAgent.invoke(TestInvoker.java:824)
	at org.testng.internal.TestInvoker.invokeTestMethods(TestInvoker.java:146)
	at org.testng.internal.TestMethodWorker.invokeTestMethods(TestMethodWorker.java:146)
	at org.testng.internal.TestMethodWorker.run(TestMethodWorker.java:128)
	at java.base/java.util.ArrayList.forEach(ArrayList.java:1511)
	at org.testng.TestRunner.privateRun(TestRunner.java:794)
	at org.testng.TestRunner.run(TestRunner.java:596)
	at org.testng.SuiteRunner.runTest(SuiteRunner.java:377)
	at org.testng.SuiteRunner.access$000(SuiteRunner.java:28)
	at org.testng.SuiteRunner$SuiteWorker.run(SuiteRunner.java:418)
	at org.testng.internal.thread.ThreadUtil.lambda$execute$0(ThreadUtil.java:64)
	at java.base/java.util.concurrent.FutureTask.run(FutureTask.java:264)
	at java.base/java.util.concurrent.ThreadPoolExecutor.runWorker(ThreadPoolExecutor.java:1136)
	at java.base/java.util.concurrent.ThreadPoolExecutor$Worker.run(ThreadPoolExecutor.java:635)
	at java.base/java.lang.Thread.run(Thread.java:833)
Caused by: org.openqa.selenium.NoSuchElementException: no such element: Unable to locate element: {&quot;method&quot;:&quot;xpath&quot;,&quot;selector&quot;:&quot;//div[contains(@class,&apos;alert alert-success alert-dismissible&apos;)]&quot;}
  (Session info: chrome=112.0.5615.138)
For documentation on this error, please visit: https://selenium.dev/exceptions/#no_such_element
Build info: version: &apos;4.8.1&apos;, revision: &apos;8ebccac989&apos;
System info: os.name: &apos;Windows 10&apos;, os.arch: &apos;amd64&apos;, os.version: &apos;10.0&apos;, java.version: &apos;17.0.6&apos;
Driver info: org.openqa.selenium.chrome.ChromeDriver
Command: [c59ee6e84b85bf133aa28a655fda7869, findElement {using=xpath, value=//div[contains(@class,&apos;alert alert-success alert-dismissible&apos;)]}]
Capabilities {acceptInsecureCerts: false, browserName: chrome, browserVersion: 112.0.5615.138, chrome: {chromedriverVersion: 112.0.5615.49 (bd2a7bcb881c..., userDataDir: C:\Users\PROBOO~1\AppData\L...}, goog:chromeOptions: {debuggerAddress: localhost:50826}, networkConnectionEnabled: false, pageLoadStrategy: normal, platformName: WINDOWS, proxy: Proxy(), se:cdp: ws://localhost:50826/devtoo..., se:cdpVersion: 112.0.5615.138, setWindowRect: true, strictFileInteractability: false, timeouts: {implicit: 0, pageLoad: 300000, script: 30000}, unhandledPromptBehavior: dismiss and notify, webauthn:extension:credBlob: true, webauthn:extension:largeBlob: true, webauthn:extension:minPinLength: true, webauthn:extension:prf: true, webauthn:virtualAuthenticators: true}
Session ID: c59ee6e84b85bf133aa28a655fda7869
	at jdk.internal.reflect.GeneratedConstructorAccessor38.newInstance(Unknown Source)
	at java.base/jdk.internal.reflect.DelegatingConstructorAccessorImpl.newInstance(DelegatingConstructorAccessorImpl.java:45)
	at java.base/java.lang.reflect.Constructor.newInstanceWithCaller(Constructor.java:499)
	at java.base/java.lang.reflect.Constructor.newInstance(Constructor.java:480)
	at org.openqa.selenium.remote.codec.w3c.W3CHttpResponseCodec.createException(W3CHttpResponseCodec.java:200)
	at org.openqa.selenium.remote.codec.w3c.W3CHttpResponseCodec.decode(W3CHttpResponseCodec.java:133)
	at org.openqa.selenium.remote.codec.w3c.W3CHttpResponseCodec.decode(W3CHttpResponseCodec.java:53)
	at org.openqa.selenium.remote.HttpCommandExecutor.execute(HttpCommandExecutor.java:184)
	at org.openqa.selenium.remote.service.DriverCommandExecutor.invokeExecute(DriverCommandExecutor.java:167)
	at org.openqa.selenium.remote.service.DriverCommandExecutor.execute(DriverCommandExecutor.java:142)
	at org.openqa.selenium.remote.RemoteWebDriver.execute(RemoteWebDriver.java:543)
	at org.openqa.selenium.remote.ElementLocation$ElementFinder$2.findElement(ElementLocation.java:162)
	at org.openqa.selenium.remote.ElementLocation.findElement(ElementLocation.java:60)
	at org.openqa.selenium.remote.RemoteWebDriver.findElement(RemoteWebDriver.java:352)
	at org.openqa.selenium.remote.RemoteWebDriver.findElement(RemoteWebDriver.java:344)
	at org.openqa.selenium.support.pagefactory.DefaultElementLocator.findElement(DefaultElementLocator.java:70)
	at org.openqa.selenium.support.pagefactory.internal.LocatingElementHandler.invoke(LocatingElementHandler.java:39)
	at jdk.proxy2/jdk.proxy2.$Proxy21.isDisplayed(Unknown Source)
	at org.openqa.selenium.support.ui.ExpectedConditions.elementIfVisible(ExpectedConditions.java:307)
	at org.openqa.selenium.support.ui.ExpectedConditions.access$000(ExpectedConditions.java:40)
	at org.openqa.selenium.support.ui.ExpectedConditions$10.apply(ExpectedConditions.java:293)
	at org.openqa.selenium.support.ui.ExpectedConditions$10.apply(ExpectedConditions.java:290)
	at org.openqa.selenium.support.ui.FluentWait.until(FluentWait.java:208)
	... 26 more
</pre></div></td>
<td>54</td>
<td>com.obsqura.testScripts.AdminUsersTest@59a67c3a</td></tr>
</table><p>
</body>
</html>