<?xml version="1.0" encoding="UTF-8"?>
<!-- Generated by org.testng.reporters.JUnitXMLReporter -->
<testsuite ignored="0" hostname="Probook15-650Series" failures="0" tests="2" name="edge test" time="4.858" errors="0" timestamp="2023-04-14T09:19:25 GST">
  <testcase classname="com.obsqura.testScripts.Base" name="@BeforeMethod toInitializeBrowser" time="4.702">
    <failure type="org.openqa.selenium.remote.http.ConnectionFailedException" message="Unable to establish websocket connection to http://localhost:63035/devtools/browser/9a4a938e-3cc0-453f-a56c-e1ba8e1ea8ac
Build info: version: &amp;apos;4.8.1&amp;apos;, revision: &amp;apos;8ebccac989&amp;apos;
System info: os.name: &amp;apos;Windows 10&amp;apos;, os.arch: &amp;apos;amd64&amp;apos;, os.version: &amp;apos;10.0&amp;apos;, java.version: &amp;apos;17.0.6&amp;apos;
Driver info: driver.version: EdgeDriver">
      <![CDATA[org.openqa.selenium.remote.http.ConnectionFailedException: Unable to establish websocket connection to http://localhost:63035/devtools/browser/9a4a938e-3cc0-453f-a56c-e1ba8e1ea8ac
Build info: version: '4.8.1', revision: '8ebccac989'
System info: os.name: 'Windows 10', os.arch: 'amd64', os.version: '10.0', java.version: '17.0.6'
Driver info: driver.version: EdgeDriver
at org.openqa.selenium.remote.http.netty.NettyWebSocket.<init>(NettyWebSocket.java:102)
at org.openqa.selenium.remote.http.netty.NettyWebSocket.lambda$create$3(NettyWebSocket.java:128)
at org.openqa.selenium.remote.http.netty.NettyClient.openSocket(NettyClient.java:107)
at org.openqa.selenium.devtools.Connection.<init>(Connection.java:78)
at org.openqa.selenium.chromium.ChromiumDriver.lambda$new$2(ChromiumDriver.java:116)
at java.base/java.util.Optional.map(Optional.java:260)
at org.openqa.selenium.chromium.ChromiumDriver.<init>(ChromiumDriver.java:114)
at org.openqa.selenium.edge.EdgeDriver.<init>(EdgeDriver.java:54)
at org.openqa.selenium.edge.EdgeDriver.<init>(EdgeDriver.java:46)
at org.openqa.selenium.edge.EdgeDriver.<init>(EdgeDriver.java:42)
at com.obsqura.testScripts.Base.toInitializeBrowser(Base.java:77)
at java.base/java.util.ArrayList.forEach(ArrayList.java:1511)
at java.base/java.util.concurrent.FutureTask.run(FutureTask.java:264)
at java.base/java.util.concurrent.ThreadPoolExecutor.runWorker(ThreadPoolExecutor.java:1136)
at java.base/java.util.concurrent.ThreadPoolExecutor$Worker.run(ThreadPoolExecutor.java:635)
at java.base/java.lang.Thread.run(Thread.java:833)
... Removed 22 stack frames]]>
    </failure>
  </testcase> <!-- @BeforeMethod toInitializeBrowser -->
  <testcase classname="com.obsqura.testScripts.Base" name="@AfterMethod browserQuit" time="-1.681449565417E9">
    <skipped/>
  </testcase> <!-- @AfterMethod browserQuit -->
  <testcase classname="com.obsqura.testScripts.Base" name="@BeforeMethod toInitializeBrowser" time="-1.681449565423E9">
    <skipped/>
  </testcase> <!-- @BeforeMethod toInitializeBrowser -->
  <testcase classname="com.obsqura.testScripts.Base" name="@AfterMethod browserQuit" time="-1.681449565433E9">
    <skipped/>
  </testcase> <!-- @AfterMethod browserQuit -->
  <testcase classname="com.obsqura.testScripts.ManagepageTest" name="verify_newButton" time="0.0">
    <skipped/>
  </testcase> <!-- verify_newButton -->
  <testcase classname="com.obsqura.testScripts.ManagepageTest" name="verify_searchButton" time="0.0">
    <skipped/>
  </testcase> <!-- verify_searchButton -->
</testsuite> <!-- edge test -->
